[debug] [2022-04-07T02:54:40.684Z] ----------------------------------------------------------------------
[debug] [2022-04-07T02:54:40.685Z] Command:       /usr/local/bin/node /usr/local/bin/firebase init
[debug] [2022-04-07T02:54:40.686Z] CLI Version:   10.6.0
[debug] [2022-04-07T02:54:40.686Z] Platform:      darwin
[debug] [2022-04-07T02:54:40.686Z] Node Version:  v16.14.2
[debug] [2022-04-07T02:54:40.687Z] Time:          Thu Apr 07 2022 11:54:40 GMT+0900 (日本標準時)
[debug] [2022-04-07T02:54:40.687Z] ----------------------------------------------------------------------
[debug] 
[debug] [2022-04-07T02:54:40.716Z] > command requires scopes: ["email","openid","https://www.googleapis.com/auth/cloudplatformprojects.readonly","https://www.googleapis.com/auth/firebase","https://www.googleapis.com/auth/cloud-platform"]
[debug] [2022-04-07T02:54:40.717Z] > authorizing via signed-in user (miriks818@gmail.com)
[info] 
     ######## #### ########  ######## ########     ###     ######  ########
     ##        ##  ##     ## ##       ##     ##  ##   ##  ##       ##
     ######    ##  ########  ######   ########  #########  ######  ######
     ##        ##  ##    ##  ##       ##     ## ##     ##       ## ##
     ##       #### ##     ## ######## ########  ##     ##  ######  ########

You're about to initialize a Firebase project in this directory:

  /Users/mkk/Programming/Practice/vue/firebase-vue-todo

[info] 
=== Project Setup
[info] 
[info] First, let's associate this project directory with a Firebase project.
[info] You can create multiple project aliases by running firebase use --add, 
[info] but for now we'll just set up a default project.
[info] 
[debug] [2022-04-07T02:54:47.138Z] >>> [apiv2][query] GET https://firebase.googleapis.com/v1beta1/projects pageSize=100
[debug] [2022-04-07T02:54:47.955Z] <<< [apiv2][status] GET https://firebase.googleapis.com/v1beta1/projects 200
[debug] [2022-04-07T02:54:47.956Z] <<< [apiv2][body] GET https://firebase.googleapis.com/v1beta1/projects [omitted]
[info] i  Using project vue-firebase-hosting-2784c (vue-firebase-hosting) 
[info] 
=== Hosting Setup
[info] 
[info] Your public directory is the folder (relative to your project directory) that
[info] will contain Hosting assets to be uploaded with firebase deploy. If you
[info] have a build process for your assets, use your build's output directory.
[info] 
[info] ✔  Wrote dist/404.html 
[debug] [2022-04-07T02:55:06.567Z] >>> [apiv2][query] GET https://www.gstatic.com/firebasejs/releases.json [none]
[debug] [2022-04-07T02:55:06.792Z] <<< [apiv2][status] GET https://www.gstatic.com/firebasejs/releases.json 200
[debug] [2022-04-07T02:55:06.792Z] <<< [apiv2][body] GET https://www.gstatic.com/firebasejs/releases.json {"current":{"version":"9.6.10","browserURL":"https://www.gstatic.com/firebasejs/9.6.10/firebase.js","packageURL":"https://www.gstatic.com/firebasejs/9.6.10/firebase.tgz"},"live":{"version":"9.6","browserURL":"https://www.gstatic.com/firebasejs/live/9.6/firebase.js","packageURL":"https://www.gstatic.com/firebasejs/live/9.6/firebase.tgz"},"components":{"analytics":"https://www.gstatic.com/firebasejs/9.6.10/firebase-analytics.js","app":"https://www.gstatic.com/firebasejs/9.6.10/firebase-app.js","app-check":"https://www.gstatic.com/firebasejs/9.6.10/firebase-app-check.js","auth":"https://www.gstatic.com/firebasejs/9.6.10/firebase-auth.js","auth/cordova":"https://www.gstatic.com/firebasejs/9.6.10/firebase-auth/cordova.js","auth/react-native":"https://www.gstatic.com/firebasejs/9.6.10/firebase-auth/react-native.js","functions":"https://www.gstatic.com/firebasejs/9.6.10/firebase-functions.js","firestore":"https://www.gstatic.com/firebasejs/9.6.10/firebase-firestore.js","firestore/lite":"https://www.gstatic.com/firebasejs/9.6.10/firebase-firestore/lite.js","storage":"https://www.gstatic.com/firebasejs/9.6.10/firebase-storage.js","performance":"https://www.gstatic.com/firebasejs/9.6.10/firebase-performance.js","remote-config":"https://www.gstatic.com/firebasejs/9.6.10/firebase-remote-config.js","messaging":"https://www.gstatic.com/firebasejs/9.6.10/firebase-messaging.js","messaging/sw":"https://www.gstatic.com/firebasejs/9.6.10/firebase-messaging/sw.js","database":"https://www.gstatic.com/firebasejs/9.6.10/firebase-database.js","firestore.memory":"https://www.gstatic.com/firebasejs/9.6.10/firebase-firestore.memory.js"}}
[info] ✔  Wrote dist/index.html 
[info] 
[info] i  Didn't detect a .git folder. Assuming /Users/mkk/Programming/Practice/vue/firebase-vue-todo is the project root. 
[info] i  Authorizing with GitHub to upload your service account to a GitHub repository's secrets store. 
[info] 
[info] Visit this URL on this device to log in:
[info] https://github.com/login/oauth/authorize?client_id=89cf50f02ac6aaed3484&state=114194099&redirect_uri=http%3A%2F%2Flocalhost%3A9005&scope=read%3Auser%20repo%20public_repo
[info] 
[info] Waiting for authentication...
[debug] [2022-04-07T02:55:07.565Z] >>> HTTP REQUEST POST https://github.com/login/oauth/access_token  
 {"client_id":"89cf50f02ac6aaed3484","client_secret":"3330d14abc895d9a74d5f17cd7a00711fa2c5bf0","code":"da0e52e3fa82fd0fa1e7","redirect_uri":"http://localhost:9005","state":"114194099"}
[debug] [2022-04-07T02:55:08.071Z] <<< HTTP RESPONSE 200 {"server":"GitHub.com","date":"Thu, 07 Apr 2022 02:55:08 GMT","content-type":"application/json; charset=utf-8","transfer-encoding":"chunked","vary":"X-PJAX, X-PJAX-Container, Accept-Encoding, Accept, X-Requested-With","permissions-policy":"interest-cohort=()","etag":"W/\"886bbb513f1822563f1957b0ce9d2864\"","cache-control":"max-age=0, private, must-revalidate","strict-transport-security":"max-age=31536000; includeSubdomains; preload","x-frame-options":"deny","x-content-type-options":"nosniff","x-xss-protection":"0","referrer-policy":"origin-when-cross-origin, strict-origin-when-cross-origin","expect-ct":"max-age=2592000, report-uri=\"https://api.github.com/_private/browser/errors\"","content-security-policy":"default-src 'none'; base-uri 'self'; block-all-mixed-content; child-src github.com/assets-cdn/worker/ gist.github.com/assets-cdn/worker/; connect-src 'self' uploads.github.com objects-origin.githubusercontent.com www.githubstatus.com collector.github.com raw.githubusercontent.com api.github.com github-cloud.s3.amazonaws.com github-production-repository-file-5c1aeb.s3.amazonaws.com github-production-upload-manifest-file-7fdce7.s3.amazonaws.com github-production-user-asset-6210df.s3.amazonaws.com cdn.optimizely.com logx.optimizely.com/v1/events translator.github.com *.actions.githubusercontent.com wss://*.actions.githubusercontent.com online.visualstudio.com/api/v1/locations github-production-repository-image-32fea6.s3.amazonaws.com github-production-release-asset-2e65be.s3.amazonaws.com insights.github.com wss://alive.github.com; font-src github.githubassets.com; form-action 'self' github.com gist.github.com objects-origin.githubusercontent.com; frame-ancestors 'none'; frame-src render.githubusercontent.com viewscreen.githubusercontent.com notebooks.githubusercontent.com; img-src 'self' data: github.githubassets.com identicons.github.com github-cloud.s3.amazonaws.com secured-user-images.githubusercontent.com/ *.githubusercontent.com; manifest-src 'self'; media-src github.com user-images.githubusercontent.com/; script-src github.githubassets.com; style-src 'unsafe-inline' github.githubassets.com; worker-src github.com/assets-cdn/worker/ gist.github.com/assets-cdn/worker/","x-github-request-id":"F3EE:109B:3EE18D:584018:624E528B"}
[debug] [2022-04-07T02:55:08.096Z] >>> [apiv2][query] GET https://api.github.com/user [none]
[debug] [2022-04-07T02:55:08.683Z] <<< [apiv2][status] GET https://api.github.com/user 200
[debug] [2022-04-07T02:55:08.683Z] <<< [apiv2][body] GET https://api.github.com/user {"login":"Mkk818","id":76032419,"node_id":"MDQ6VXNlcjc2MDMyNDE5","avatar_url":"https://avatars.githubusercontent.com/u/76032419?v=4","gravatar_id":"","url":"https://api.github.com/users/Mkk818","html_url":"https://github.com/Mkk818","followers_url":"https://api.github.com/users/Mkk818/followers","following_url":"https://api.github.com/users/Mkk818/following{/other_user}","gists_url":"https://api.github.com/users/Mkk818/gists{/gist_id}","starred_url":"https://api.github.com/users/Mkk818/starred{/owner}{/repo}","subscriptions_url":"https://api.github.com/users/Mkk818/subscriptions","organizations_url":"https://api.github.com/users/Mkk818/orgs","repos_url":"https://api.github.com/users/Mkk818/repos","events_url":"https://api.github.com/users/Mkk818/events{/privacy}","received_events_url":"https://api.github.com/users/Mkk818/received_events","type":"User","site_admin":false,"name":null,"company":null,"blog":"","location":"Japan","email":null,"hireable":null,"bio":"2020年11月12月静的ウェブサイト作成\r\n2021年1月-6月転職コース\r\nHTML/CSS/PHP/Git/Laravel/C#","twitter_username":"MPrg2011","public_repos":12,"public_gists":0,"followers":0,"following":0,"created_at":"2020-12-15T06:42:16Z","updated_at":"2022-03-09T09:13:47Z","private_gists":0,"total_private_repos":4,"owned_private_repos":4,"disk_usage":24289,"collaborators":0,"two_factor_authentication":false,"plan":{"name":"free","space":976562499,"collaborators":0,"private_repos":10000}}
[info] 
[info] ✔  Success! Logged into GitHub as Mkk818 
[info] 
